Arguments: 
  /usr/local/Cellar/node@10/10.24.1_1/bin/node /usr/local/bin/yarn add --dev hardhat-abi-exporter 2.0.0

PATH: 
  /Users/Admin/.rvm/gems/ruby-2.4.2/bin:/Users/Admin/.rvm/gems/ruby-2.4.2@global/bin:/Users/Admin/.rvm/rubies/ruby-2.4.2/bin:/usr/local/opt/node@10/bin:/usr/local/opt/node@10/bin:/usr/local/opt/node@8/bin:/usr/local/opt/ruby/bin:/usr/local/php5/bin:/usr/local/bin:/usr/bin:/bin:/usr/sbin:/sbin:/Applications/Postgres.app/Contents/Versions/latest/bin:/Users/Admin/.rvm/bin

Yarn version: 
  1.22.10

Node version: 
  10.24.1

Platform: 
  darwin x64

Trace: 
  Error: https://registry.yarnpkg.com/2.0.0: Not found
      at Request.params.callback [as _callback] (/usr/local/lib/node_modules/yarn/lib/cli.js:66988:18)
      at Request.self.callback (/usr/local/lib/node_modules/yarn/lib/cli.js:140662:22)
      at Request.emit (events.js:198:13)
      at Request.<anonymous> (/usr/local/lib/node_modules/yarn/lib/cli.js:141634:10)
      at Request.emit (events.js:198:13)
      at IncomingMessage.<anonymous> (/usr/local/lib/node_modules/yarn/lib/cli.js:141556:12)
      at Object.onceWrapper (events.js:286:20)
      at IncomingMessage.emit (events.js:203:15)
      at endReadableNT (_stream_readable.js:1145:12)
      at process._tickCallback (internal/process/next_tick.js:63:19)

npm manifest: 
  {
    "name": "hardhat-project",
    "devDependencies": {
      "@nomiclabs/hardhat-ethers": "^2.0.2",
      "@nomiclabs/hardhat-etherscan": "^2.1.2",
      "@nomiclabs/hardhat-waffle": "^2.0.1",
      "chai": "^4.3.4",
      "ethereum-waffle": "^3.3.0",
      "ethers": "^5.1.3",
      "hardhat": "^2.2.1",
      "hardhat-etherscan-abi": "^0.1.1"
    },
    "dependencies": {
      "@openzeppelin/contracts": "^3.4.0"
    }
  }

yarn manifest: 
  No manifest

Lockfile: 
  No lockfile
